Turno do doutor numero 2588 terminado.
Turno do doutor numero 2597 inicializado.
Turno do doutor numero 2585 terminado.
Turno do doutor numero 2595 inicializado.
Turno do doutor numero 2600 inicializado.
Turno do doutor numero 2580 terminado.
Turno do doutor numero 2594 inicializado.
Turno do doutor numero 2584 terminado.
Turno do doutor numero 2589 terminado.
Turno do doutor numero 2582 terminado.
Turno do doutor numero 2583 terminado.
Turno do doutor numero 2581 terminado.
Turno do doutor numero 2593 inicializado.
Turno do doutor numero 2587 terminado.
Turno do doutor numero 2586 terminado.
Turno do doutor numero 2592 inicializado.
Turno do doutor numero 2599 inicializado.
Turno do doutor numero 2596 inicializado.
Turno do doutor numero 2590 terminado.
Turno do doutor numero 2598 inicializado.
Thread numero 1 inicializada.
Turno do doutor numero 2602 inicializado.
Thread numero 0 inicializada.
Turno do doutor numero 2601 inicializado.
Thread numero 4 inicializada.
Thread numero 4 inicializada.
Thread numero 4 inicializada.
Thread 0 a ser cancelada
Thread 1 a ser cancelada
Thread 2 a ser cancelada
Thread 3 a ser cancelada
Thread 4 a ser cancelada
Thread 0 a terminar!
Thread 1 a terminar!
Thread 2 a terminar!
Thread 3 a terminar!
Thread 4 a terminar!
Thread 1 a ser cancelada [Thread da pipe]
Thread 1 a ser eliminada [Thread da pipe]
Thread 1 a ser cancelada [Thread que verifica quando pacientes estao na fila de espera]
Thread 1 a ser eliminada [Thread que verifica quando pacientes estao na fila de espera]
